<?xml version="1.0"?>
<!DOCTYPE coverage SYSTEM "http://cobertura.sourceforge.net/xml/coverage-04.dtd">

<coverage line-rate="0.21974657217686028" branch-rate="0.14609273761902078" lines-covered="11411" lines-valid="51928" branches-covered="2593" branches-valid="17749" complexity="2.054109364767518" version="2.0.3" timestamp="1403301904999">
        <sources>
                <source>/Users/apetro/code/github_jasig/uPortal/uportal-war/target/generated-sources/annotations</source>
                <source>/Users/apetro/code/github_jasig/uPortal/uportal-war/target/generated-sources/xjc</source>
                <source>--source</source>
                <source>/Users/apetro/code/github_jasig/uPortal/uportal-war/src/main/java</source>
        </sources>
        <packages>
                <package name="org.apache.commons.math3.stat.descriptive.moment" line-rate="0.0" branch-rate="1.0" complexity="0.0">
                        <classes>
                                <class name="org.apache.commons.math3.stat.descriptive.moment.FirstMoment_" filename="org/apache/commons/math3/stat/descriptive/moment/FirstMoment_.java" line-rate="0.0" branch-rate="1.0" complexity="0.0">
                                        <methods>
                                                <method name="&lt;init&gt;" signature="()V" line-rate="0.0" branch-rate="1.0">
                                                        <lines>
                                                                <line number="9" hits="0" branch="false"/>
                                                        </lines>
                                                </method>
                                        </methods>
                                        <lines>
                                                <line number="9" hits="0" branch="false"/>
                                        </lines>
                                </class>
                                <class name="org.apache.commons.math3.stat.descriptive.moment.SecondMoment_" filename="org/apache/commons/math3/stat/descriptive/moment/SecondMoment_.java" line-rate="0.0" branch-rate="1.0" complexity="0.0">
                                        <methods>
                                                <method name="&lt;init&gt;" signature="()V" line-rate="0.0" branch-rate="1.0">
                                                        <lines>
                                                                <line number="9" hits="0" branch="false"/>
                                                        </lines>
                                                </method>
                                        </methods>
                                        <lines>
                                                <line number="9" hits="0" branch="false"/>
                                        </lines>
                                </class>
                        </classes>
                </package>
                <package name="org.apache.commons.math3.stat.descriptive.rank" line-rate="0.0" branch-rate="1.0" complexity="0.0">
                        <classes>
                                <class name="org.apache.commons.math3.stat.descriptive.rank.Max_" filename="org/apache/commons/math3/stat/descriptive/rank/Max_.java" line-rate="0.0" branch-rate="1.0" complexity="0.0">
                                        <methods>
                                                <method name="&lt;init&gt;" signature="()V" line-rate="0.0" branch-rate="1.0">
                                                        <lines>
                                                                <line number="9" hits="0" branch="false"/>
                                                        </lines>
                                                </method>
                                        </methods>
                                        <lines>
                                                <line number="9" hits="0" branch="false"/>
                                        </lines>
                                </class>
                                <class name="org.apache.commons.math3.stat.descriptive.rank.Min_" filename="org/apache/commons/math3/stat/descriptive/rank/Min_.java" line-rate="0.0" branch-rate="1.0" complexity="0.0">
                                        <methods>
                                                <method name="&lt;init&gt;" signature="()V" line-rate="0.0" branch-rate="1.0">
                                                        <lines>
                                                                <line number="9" hits="0" branch="false"/>
                                                        </lines>
                                                </method>
                                        </methods>
                                        <lines>
                                                <line number="9" hits="0" branch="false"/>
                                        </lines>
                                </class>
                        </classes>
                </package>
                <package name="org.apache.commons.math3.stat.descriptive.summary" line-rate="0.0" branch-rate="1.0" complexity="0.0">
                        <classes>
                                <class name="org.apache.commons.math3.stat.descriptive.summary.SumOfLogs_" filename="org/apache/commons/math3/stat/descriptive/summary/SumOfLogs_.java" line-rate="0.0" branch-rate="1.0" complexity="0.0">
                                        <methods>
                                                <method name="&lt;init&gt;" signature="()V" line-rate="0.0" branch-rate="1.0">
                                                        <lines>
                                                                <line number="9" hits="0" branch="false"/>
                                                        </lines>
                                                </method>
                                        </methods>
                                        <lines>
                                                <line number="9" hits="0" branch="false"/>
                                        </lines>
                                </class>
                                <class name="org.apache.commons.math3.stat.descriptive.summary.SumOfSquares_" filename="org/apache/commons/math3/stat/descriptive/summary/SumOfSquares_.java" line-rate="0.0" branch-rate="1.0" complexity="0.0">
                                        <methods>
                                                <method name="&lt;init&gt;" signature="()V" line-rate="0.0" branch-rate="1.0">
                                                        <lines>
                                                                <line number="9" hits="0" branch="false"/>
                                                        </lines>
                                                </method>
                                        </methods>
                                        <lines>
                                                <line number="9" hits="0" branch="false"/>
                                        </lines>
                                </class>
                                <class name="org.apache.commons.math3.stat.descriptive.summary.Sum_" filename="org/apache/commons/math3/stat/descriptive/summary/Sum_.java" line-rate="0.0" branch-rate="1.0" complexity="0.0">
                                        <methods>
                                                <method name="&lt;init&gt;" signature="()V" line-rate="0.0" branch-rate="1.0">
                                                        <lines>
                                                                <line number="9" hits="0" branch="false"/>
                                                        </lines>
                                                </method>
                                        </methods>
                                        <lines>
                                                <line number="9" hits="0" branch="false"/>
                                        </lines>
                                </class>
                        </classes>
                </package>
                <package name="org.hibernate.cache.ehcache" line-rate="0.0" branch-rate="0.0" complexity="3.5">
                        <classes>
                                <class name="org.hibernate.cache.ehcache.SpringBeanEhCacheRegionFactory" filename="org/hibernate/cache/ehcache/SpringBeanEhCacheRegionFactory.java" line-rate="0.0" branch-rate="0.0" complexity="3.5">
                                        <methods>
                                                <method name="&lt;init&gt;" signature="()V" line-rate="0.0" branch-rate="1.0">
                                                        <lines>
                                                                <line number="39" hits="0" branch="false"/>
                                                        </lines>
                                                </method>
                                                <method name="buildCollectionRegion" signature="(Ljava/lang/String;Ljava/util/Properties;Lorg/hibernate/cache/spi/CacheDataDescription;)Lorg/hibernate/cache/spi/CollectionRegion;" line-rate="1.0" branch-rate="1.0">
                                                        <lines>
                                                        </lines>
                                                </method>
                                                <method name="buildEntityRegion" signature="(Ljava/lang/String;Ljava/util/Properties;Lorg/hibernate/cache/spi/CacheDataDescription;)Lorg/hibernate/cache/spi/EntityRegion;" line-rate="1.0" branch-rate="1.0">
                                                        <lines>
                                                        </lines>
                                                </method>
                                                <method name="buildNaturalIdRegion" signature="(Ljava/lang/String;Ljava/util/Properties;Lorg/hibernate/cache/spi/CacheDataDescription;)Lorg/hibernate/cache/spi/NaturalIdRegion;" line-rate="1.0" branch-rate="1.0">
                                                        <lines>
                                                        </lines>
                                                </method>
                                                <method name="buildQueryResultsRegion" signature="(Ljava/lang/String;Ljava/util/Properties;)Lorg/hibernate/cache/spi/QueryResultsRegion;" line-rate="1.0" branch-rate="1.0">
                                                        <lines>
                                                        </lines>
                                                </method>
                                                <method name="buildTimestampsRegion" signature="(Ljava/lang/String;Ljava/util/Properties;)Lorg/hibernate/cache/spi/TimestampsRegion;" line-rate="1.0" branch-rate="1.0">
                                                        <lines>
                                                        </lines>
                                                </method>
                                                <method name="getDefaultAccessType" signature="()Lorg/hibernate/cache/spi/access/AccessType;" line-rate="1.0" branch-rate="1.0">
                                                        <lines>
                                                        </lines>
                                                </method>
                                                <method name="isMinimalPutsEnabledByDefault" signature="()Z" line-rate="0.0" branch-rate="1.0">
                                                        <lines>
                                                                <line number="36" hits="0" branch="false"/>
                                                        </lines>
                                                </method>
                                                <method name="nextTimestamp" signature="()J" line-rate="1.0" branch-rate="1.0">
                                                        <lines>
                                                        </lines>
                                                </method>
                                                <method name="setClassLoaderService" signature="(Lorg/hibernate/service/classloading/spi/ClassLoaderService;)V" line-rate="1.0" branch-rate="1.0">
                                                        <lines>
                                                        </lines>
                                                </method>
                                                <method name="start" signature="(Lorg/hibernate/cfg/Settings;Ljava/util/Properties;)V" line-rate="0.0" branch-rate="0.0">
                                                        <lines>
                                                                <line number="44" hits="0" branch="false"/>
                                                                <line number="46" hits="0" branch="false"/>
                                                                <line number="47" hits="0" branch="true" condition-coverage="0% (0/2)">
                                                                        <conditions>
                                                                                <condition number="0" type="jump" coverage="0%"/>
                                                                        </conditions>
                                                                </line>
                                                                <line number="48" hits="0" branch="false"/>
                                                                <line number="52" hits="0" branch="true" condition-coverage="0% (0/2)">
                                                                        <conditions>
                                                                                <condition number="0" type="jump" coverage="0%"/>
                                                                        </conditions>
                                                                </line>
                                                                <line number="53" hits="0" branch="false"/>
                                                                <line number="56" hits="0" branch="false"/>
                                                                <line number="57" hits="0" branch="false"/>
                                                                <line number="58" hits="0" branch="false"/>
                                                                <line number="60" hits="0" branch="false"/>
                                                                <line number="61" hits="0" branch="false"/>
                                                                <line number="62" hits="0" branch="false"/>
                                                                <line number="63" hits="0" branch="false"/>
                                                        </lines>
                                                </method>
                                                <method name="stop" signature="()V" line-rate="0.0" branch-rate="1.0">
                                                        <lines>
                                                                <line number="70" hits="0" branch="false"/>
                                                                <line number="71" hits="0" branch="false"/>
                                                        </lines>
                                                </method>
                                        </methods>
                                        <lines>
                                                <line number="36" hits="0" branch="false"/>
                                                <line number="39" hits="0" branch="false"/>
                                                <line number="44" hits="0" branch="false"/>
                                                <line number="46" hits="0" branch="false"/>
                                                <line number="47" hits="0" branch="true" condition-coverage="0% (0/2)">
                                                        <conditions>
                                                                <condition number="0" type="jump" coverage="0%"/>
                                                        </conditions>
                                                </line>
                                                <line number="48" hits="0" branch="false"/>
                                                <line number="52" hits="0" branch="true" condition-coverage="0% (0/2)">
                                                        <conditions>
                                                                <condition number="0" type="jump" coverage="0%"/>
                                                        </conditions>
                                                </line>
                                                <line number="53" hits="0" branch="false"/>
                                                <line number="56" hits="0" branch="false"/>
                                                <line number="57" hits="0" branch="false"/>
                                                <line number="58" hits="0" branch="false"/>
                                                <line number="60" hits="0" branch="false"/>
                                                <line number="61" hits="0" branch="false"/>
                                                <line number="62" hits="0" branch="false"/>
                                                <line number="63" hits="0" branch="false"/>
                                                <line number="70" hits="0" branch="false"/>
                                                <line number="71" hits="0" branch="false"/>
                                        </lines>
                                </class>
                        </classes>
                </package>
                <package name="org.jasig.portal" line-rate="0.10887096774193548" branch-rate="0.03888888888888889" complexity="1.763819095477387">
                        <classes>
                                <class name="org.jasig.portal.AuthorizationException" filename="org/jasig/portal/AuthorizationException.java" line-rate="0.0" branch-rate="1.0" complexity="1.0">
                                        <methods>
                                                <method name="&lt;init&gt;" signature="(Ljava/lang/String;)V" line-rate="0.0" branch-rate="1.0">
                                                        <lines>
                                                                <line number="45" hits="0" branch="false"/>
                                                                <line number="46" hits="0" branch="false"/>
                                                        </lines>
                                                </method>
                                                <method name="&lt;init&gt;" signature="(Ljava/lang/String;Ljava/lang/Throwable;)V" line-rate="0.0" branch-rate="1.0">
                                                        <lines>
                                                                <line number="55" hits="0" branch="false"/>
                                                                <line number="56" hits="0" branch="false"/>
                                                        </lines>
                                                </method>
                                                <method name="&lt;init&gt;" signature="(Ljava/lang/String;ZZ)V" line-rate="0.0" branch-rate="1.0">
                                                        <lines>
                                                                <line number="68" hits="0" branch="false"/>
                                                                <line number="69" hits="0" branch="false"/>
                                                        </lines>
                                                </method>
                                                <method name="&lt;init&gt;" signature="(Ljava/lang/Throwable;)V" line-rate="0.0" branch-rate="1.0">
                                                        <lines>
                                                                <line number="37" hits="0" branch="false"/>
                                                                <line number="38" hits="0" branch="false"/>
                                                        </lines>
                                                </method>
                                        </methods>
                                        <lines>
                                                <line number="37" hits="0" branch="false"/>
                                                <line number="38" hits="0" branch="false"/>
                                                <line number="45" hits="0" branch="false"/>
                                                <line number="46" hits="0" branch="false"/>
                                                <line number="55" hits="0" branch="false"/>
                                                <line number="56" hits="0" branch="false"/>
                                                <line number="68" hits="0" branch="false"/>
                                                <line number="69" hits="0" branch="false"/>
                                        </lines>
                                </class>
                                <class name="org.jasig.portal.Constants" filename="org/jasig/portal/Constants.java" line-rate="0.0" branch-rate="1.0" complexity="0.0">
                                        <methods>
                                                <method name="&lt;init&gt;" signature="()V" line-rate="0.0" branch-rate="1.0">
                                                        <lines>
                                                                <line number="28" hits="0" branch="false"/>
                                                        </lines>
                                                </method>
                                        </methods>
                                        <lines>
                                                <line number="28" hits="0" branch="false"/>
                                        </lines>
                                </class>
                                <class name="org.jasig.portal.EntityIdentifier" filename="org/jasig/portal/EntityIdentifier.java" line-rate="0.2857142857142857" branch-rate="0.0" complexity="1.6666666666666667">
                                        <methods>
                                                <method name="&lt;init&gt;" signature="(Ljava/lang/String;Ljava/lang/Class;)V" line-rate="1.0" branch-rate="1.0">
                                                        <lines>
                                                                <line number="43" hits="71" branch="false"/>
                                                                <line number="44" hits="71" branch="false"/>
                                                                <line number="45" hits="71" branch="false"/>
                                                                <line number="46" hits="71" branch="false"/>
                                                        </lines>
                                                </method>
                                                <method name="equals" signature="(Ljava/lang/Object;)Z" line-rate="0.0" branch-rate="0.0">
                                                        <lines>
                                                                <line number="67" hits="0" branch="true" condition-coverage="0% (0/2)">
                                                                        <conditions>
                                                                                <condition number="0" type="jump" coverage="0%"/>
                                                                        </conditions>
                                                                </line>
                                                                <line number="68" hits="0" branch="false"/>
                                                                <line number="70" hits="0" branch="true" condition-coverage="0% (0/2)">
                                                                        <conditions>
                                                                                <condition number="0" type="jump" coverage="0%"/>
                                                                        </conditions>
                                                                </line>
                                                                <line number="71" hits="0" branch="false"/>
                                                                <line number="73" hits="0" branch="false"/>
                                                                <line number="74" hits="0" branch="false"/>
                                                        </lines>
                                                </method>
                                                <method name="getKey" signature="()Ljava/lang/String;" line-rate="0.0" branch-rate="1.0">
                                                        <lines>
                                                                <line number="52" hits="0" branch="false"/>
                                                        </lines>
                                                </method>
                                                <method name="getType" signature="()Ljava/lang/Class;" line-rate="0.0" branch-rate="1.0">
                                                        <lines>
                                                                <line number="59" hits="0" branch="false"/>
                                                        </lines>
                                                </method>
                                                <method name="hashCode" signature="()I" line-rate="0.0" branch-rate="1.0">
                                                        <lines>
                                                                <line number="85" hits="0" branch="false"/>
                                                        </lines>
                                                </method>
                                                <method name="toString" signature="()Ljava/lang/String;" line-rate="0.0" branch-rate="1.0">
                                                        <lines>
                                                                <line number="96" hits="0" branch="false"/>
                                                        </lines>
                                                </method>
                                        </methods>
                                        <lines>
                                                <line number="43" hits="71" branch="false"/>
                                                <line number="44" hits="71" branch="false"/>
                                                <line number="45" hits="71" branch="false"/>
                                                <line number="46" hits="71" branch="false"/>
                                                <line number="52" hits="0" branch="false"/>
                                                <line number="59" hits="0" branch="false"/>
                                                <line number="67" hits="0" branch="true" condition-coverage="0% (0/2)">
                                                        <conditions>
                                                                <condition number="0" type="jump" coverage="0%"/>
                                                        </conditions>
                                                </line>
                                                <line number="68" hits="0" branch="false"/>
                                                <line number="70" hits="0" branch="true" condition-coverage="0% (0/2)">
                                                        <conditions>
                                                                <condition number="0" type="jump" coverage="0%"/>
                                                        </conditions>
                                                </line>
                                                <line number="71" hits="0" branch="false"/>
                                                <line number="73" hits="0" branch="false"/>
                                                <line number="74" hits="0" branch="false"/>
                                                <line number="85" hits="0" branch="false"/>
                                                <line number="96" hits="0" branch="false"/>
                                        </lines>
                                </class>
                                <class name="org.jasig.portal.EntityTypes" filename="org/jasig/portal/EntityTypes.java" line-rate="0.0" branch-rate="0.0" complexity="1.4545454545454546">
                                        <methods>
                                                <method name="&lt;clinit&gt;" signature="()V" line-rate="0.0" branch-rate="1.0">
                                                        <lines>
                                                                <line number="59" hits="0" branch="false"/>
                                                                <line number="72" hits="0" branch="false"/>
                                                                <line number="73" hits="0" branch="false"/>
                                                        </lines>
                                                </method>
                                                <method name="&lt;init&gt;" signature="()V" line-rate="0.0" branch-rate="1.0">
                                                        <lines>
                                                                <line number="58" hits="0" branch="false"/>
                                                        </lines>
                                                </method>
                                                <method name="addEntityTypeIfNecessary" signature="(Ljava/lang/Class;Ljava/lang/String;)V" line-rate="0.0" branch-rate="0.0">
                                                        <lines>
                                                                <line number="125" hits="0" branch="false"/>
                                                                <line number="126" hits="0" branch="true" condition-coverage="0% (0/2)">
                                                                        <conditions>
                                                                                <condition number="0" type="jump" coverage="0%"/>
                                                                        </conditions>
                                                                </line>
                                                                <line number="128" hits="0" branch="false"/>
                                                                <line number="131" hits="0" branch="false"/>
                                                                <line number="132" hits="0" branch="false"/>
                                                                <line number="134" hits="0" branch="false"/>
                                                        </lines>
                                                </method>
                                                <method name="deleteEntityType" signature="(Ljava/lang/Class;)V" line-rate="0.0" branch-rate="1.0">
                                                        <lines>
                                                                <line number="139" hits="0" branch="false"/>
                                                                <line number="140" hits="0" branch="false"/>
                                                        </lines>
                                                </method>
                                                <method name="getAllEntityTypes" signature="()Ljava/util/Iterator;" line-rate="0.0" branch-rate="1.0">
                                                        <lines>
                                                                <line number="119" hits="0" branch="false"/>
                                                        </lines>
                                                </method>
                                                <method name="getEntityIDFromType" signature="(Ljava/lang/Class;)Ljava/lang/Integer;" line-rate="0.0" branch-rate="1.0">
                                                        <lines>
                                                                <line number="113" hits="0" branch="false"/>
                                                        </lines>
                                                </method>
                                                <method name="getEntityType" signature="(Ljava/lang/Integer;)Ljava/lang/Class;" line-rate="0.0" branch-rate="1.0">
                                                        <lines>
                                                                <line number="77" hits="0" branch="false"/>
                                                        </lines>
                                                </method>
                                                <method name="getEntityTypeFromID" signature="(Ljava/lang/Integer;)Ljava/lang/Class;" line-rate="0.0" branch-rate="1.0">
                                                        <lines>
                                                                <line number="106" hits="0" branch="false"/>
                                                                <line number="108" hits="0" branch="false"/>
                                                        </lines>
                                                </method>
                                                <method name="getEntityTypeID" signature="(Ljava/lang/Class;)Ljava/lang/Integer;" line-rate="0.0" branch-rate="1.0">
                                                        <lines>
                                                                <line number="82" hits="0" branch="false"/>
                                                        </lines>
                                                </method>
                                                <method name="setCounterStore" signature="(Lorg/jasig/portal/utils/ICounterStore;)V" line-rate="0.0" branch-rate="1.0">
                                                        <lines>
                                                                <line number="101" hits="0" branch="false"/>
                                                                <line number="102" hits="0" branch="false"/>
                                                        </lines>
                                                </method>
                                                <method name="setJdbcOperations" signature="(Lorg/springframework/jdbc/core/JdbcOperations;)V" line-rate="0.0" branch-rate="1.0">
                                                        <lines>
                                                                <line number="96" hits="0" branch="false"/>
                                                                <line number="97" hits="0" branch="false"/>
                                                        </lines>
                                                </method>
                                                <method name="singleton" signature="()Lorg/jasig/portal/EntityTypes;" line-rate="0.0" branch-rate="1.0">
                                                        <lines>
                                                                <line number="87" hits="0" branch="false"/>
                                                        </lines>
                                                </method>
                                        </methods>
                                        <lines>
                                                <line number="58" hits="0" branch="false"/>
                                                <line number="59" hits="0" branch="false"/>
                                                <line number="72" hits="0" branch="false"/>
                                                <line number="73" hits="0" branch="false"/>
                                                <line number="77" hits="0" branch="false"/>
                                                <line number="82" hits="0" branch="false"/>
                                                <line number="87" hits="0" branch="false"/>
                                                <line number="96" hits="0" branch="false"/>
                                                <line number="97" hits="0" branch="false"/>
                                                <line number="101" hits="0" branch="false"/>
                                                <line number="102" hits="0" branch="false"/>
                                                <line number="106" hits="0" branch="false"/>
                                                <line number="108" hits="0" branch="false"/>
                                                <line number="113" hits="0" branch="false"/>
                                                <line number="119" hits="0" branch="false"/>
                                                <line number="125" hits="0" branch="false"/>
                                                <line number="126" hits="0" branch="true" condition-coverage="0% (0/2)">
                                                        <conditions>
                                                                <condition number="0" type="jump" coverage="0%"/>
                                                        </conditions>
                                                </line>
                                                <line number="128" hits="0" branch="false"/>
                                                <line number="131" hits="0" branch="false"/>
                                                <line number="132" hits="0" branch="false"/>
                                                <line number="134" hits="0" branch="false"/>
                                                <line number="139" hits="0" branch="false"/>
                                                <line number="140" hits="0" branch="false"/>
                                        </lines>
                                </class>
                                <class name="org.jasig.portal.EntityTypes$1" filename="org/jasig/portal/EntityTypes.java" line-rate="0.0" branch-rate="1.0" complexity="1.4545454545454546">
                                        <methods>
                                                <method name="&lt;init&gt;" signature="()V" line-rate="1.0" branch-rate="1.0">
                                                        <lines>
                                                        </lines>
                                                </method>
                                                <method name="mapRow" signature="(Ljava/sql/ResultSet;I)Ljava/lang/Class;" line-rate="0.0" branch-rate="1.0">
                                                        <lines>
                                                                <line number="62" hits="0" branch="false"/>
                                                                <line number="64" hits="0" branch="false"/>
                                                                <line number="66" hits="0" branch="false"/>
                                                                <line number="67" hits="0" branch="false"/>
                                                        </lines>
                                                </method>
                                                <method name="mapRow" signature="(Ljava/sql/ResultSet;I)Ljava/lang/Object;" line-rate="0.0" branch-rate="1.0">
                                                        <lines>
                                                                <line number="59" hits="0" branch="false"/>
                                                        </lines>
                                                </method>
                                        </methods>
                                        <lines>
                                                <line number="59" hits="0" branch="false"/>
                                                <line number="62" hits="0" branch="false"/>
                                                <line number="64" hits="0" branch="false"/>
                                                <line number="66" hits="0" branch="false"/>
                                                <line number="67" hits="0" branch="false"/>
                                        </lines>
                                </class>
                                <class name="org.jasig.portal.IBasicEntity" filename="org/jasig/portal/IBasicEntity.java" line-rate="1.0" branch-rate="1.0" complexity="1.0">
                                        <methods>
                                        </methods>
                                        <lines>
                                        </lines>
                                </class>
                                <class name="org.jasig.portal.IOIDGenerator" filename="org/jasig/portal/IOIDGenerator.java" line-rate="1.0" branch-rate="1.0" complexity="1.0">
                                        <methods>
                                        </methods>
                                        <lines>
                                        </lines>
                                </class>
                                <class name="org.jasig.portal.IPortalInfoProvider" filename="org/jasig/portal/IPortalInfoProvider.java" line-rate="1.0" branch-rate="1.0" complexity="1.0">
                                        <methods>
                                        </methods>
                                        <lines>
                                        </lines>
                                </class>
                                <class name="org.jasig.portal.ISequenceGenerator" filename="org/jasig/portal/ISequenceGenerator.java" line-rate="1.0" branch-rate="1.0" complexity="1.0">
                                        <methods>
                                        </methods>
                                        <lines>
                                        </lines>
                                </class>
                                <class name="org.jasig.portal.IUserIdentityStore" filename="org/jasig/portal/IUserIdentityStore.java" line-rate="1.0" branch-rate="1.0" complexity="1.0">
                                        <methods>
                                        </methods>
                                        <lines>
                                        </lines>
                                </class>
                                <class name="org.jasig.portal.IUserPreferencesManager" filename="org/jasig/portal/IUserPreferencesManager.java" line-rate="1.0" branch-rate="1.0" complexity="1.0">
                                        <methods>
                                        </methods>
                                        <lines>
                                        </lines>
                                </class>
                                <class name="org.jasig.portal.IUserProfile" filename="org/jasig/portal/IUserProfile.java" line-rate="1.0" branch-rate="1.0" complexity="1.0">
                                        <methods>
                                        </methods>
                                        <lines>
                                        </lines>
                                </class>
                                <class name="org.jasig.portal.PortalException" filename="org/jasig/portal/PortalException.java" line-rate="0.20588235294117646" branch-rate="1.0" complexity="1.0">
                                        <methods>
                                                <method name="&lt;init&gt;" signature="()V" line-rate="0.0" branch-rate="1.0">
                                                        <lines>
                                                                <line number="71" hits="0" branch="false"/>
                                                                <line number="72" hits="0" branch="false"/>
                                                        </lines>
                                                </method>
                                                <method name="&lt;init&gt;" signature="(Ljava/lang/String;)V" line-rate="1.0" branch-rate="1.0">
                                                        <lines>
                                                                <line number="91" hits="6" branch="false"/>
                                                                <line number="92" hits="6" branch="false"/>
                                                        </lines>
                                                </method>
                                                <method name="&lt;init&gt;" signature="(Ljava/lang/String;Ljava/lang/Throwable;)V" line-rate="0.0" branch-rate="1.0">
                                                        <lines>
                                                                <line number="101" hits="0" branch="false"/>
                                                                <line number="102" hits="0" branch="false"/>
                                                        </lines>
                                                </method>
                                                <method name="&lt;init&gt;" signature="(Ljava/lang/String;Ljava/lang/Throwable;ZZ)V" line-rate="0.5555555555555556" branch-rate="1.0">
                                                        <lines>
                                                                <line number="40" hits="6" branch="false"/>
                                                                <line number="46" hits="6" branch="false"/>
                                                                <line number="53" hits="6" branch="false"/>
                                                                <line number="58" hits="6" branch="false"/>
                                                                <line number="63" hits="6" branch="false"/>
                                                                <line number="199" hits="0" branch="false"/>
                                                                <line number="200" hits="0" branch="false"/>
                                                                <line number="201" hits="0" branch="false"/>
                                                                <line number="202" hits="0" branch="false"/>
                                                        </lines>
                                                </method>
                                                <method name="&lt;init&gt;" signature="(Ljava/lang/String;ZZ)V" line-rate="0.0" branch-rate="1.0">
                                                        <lines>
                                                                <line number="184" hits="0" branch="false"/>
                                                                <line number="185" hits="0" branch="false"/>
                                                                <line number="186" hits="0" branch="false"/>
                                                                <line number="187" hits="0" branch="false"/>
                                                        </lines>
                                                </method>
                                                <method name="&lt;init&gt;" signature="(Ljava/lang/Throwable;)V" line-rate="0.0" branch-rate="1.0">
                                                        <lines>
                                                                <line number="81" hits="0" branch="false"/>
                                                                <line number="82" hits="0" branch="false"/>
                                                        </lines>
                                                </method>
                                                <method name="getParameter" signature="()Ljava/lang/String;" line-rate="0.0" branch-rate="1.0">
                                                        <lines>
                                                                <line number="165" hits="0" branch="false"/>
                                                        </lines>
                                                </method>
                                                <method name="getTimestamp" signature="()Ljava/util/Date;" line-rate="0.0" branch-rate="1.0">
                                                        <lines>
                                                                <line number="209" hits="0" branch="false"/>
                                                        </lines>
                                                </method>
                                                <method name="isLogPending" signature="()Z" line-rate="0.0" branch-rate="1.0">
                                                        <lines>
                                                                <line number="148" hits="0" branch="false"/>
                                                        </lines>
                                                </method>
                                                <method name="isRefreshable" signature="()Z" line-rate="0.0" branch-rate="1.0">
                                                        <lines>
                                                                <line number="110" hits="0" branch="false"/>
                                                        </lines>
                                                </method>
                                                <method name="isReinstantiable" signature="()Z" line-rate="0.0" branch-rate="1.0">
                                                        <lines>
                                                                <line number="118" hits="0" branch="false"/>
                                                        </lines>
                                                </method>
                                                <method name="setLogPending" signature="(Z)V" line-rate="0.0" branch-rate="1.0">
                                                        <lines>
                                                                <line number="156" hits="0" branch="false"/>
                                                                <line number="157" hits="0" branch="false"/>
                                                        </lines>
                                                </method>
                                                <method name="setParameter" signature="(Ljava/lang/String;)V" line-rate="0.0" branch-rate="1.0">
                                                        <lines>
                                                                <line number="173" hits="0" branch="false"/>
                                                                <line number="174" hits="0" branch="false"/>
                                                        </lines>
                                                </method>
                                                <method name="setRefreshable" signature="(Z)V" line-rate="0.0" branch-rate="1.0">
                                                        <lines>
                                                                <line number="129" hits="0" branch="false"/>
                                                                <line number="130" hits="0" branch="false"/>
                                                        </lines>
                                                </method>
                                                <method name="setReinstantiable" signature="(Z)V" line-rate="0.0" branch-rate="1.0">
                                                        <lines>
                                                                <line number="140" hits="0" branch="false"/>
                                                                <line number="141" hits="0" branch="false"/>
                                                        </lines>
                                                </method>
                                        </methods>
                                        <lines>
                                                <line number="40" hits="6" branch="false"/>
                                                <line number="46" hits="6" branch="false"/>
                                                <line number="53" hits="6" branch="false"/>
                                                <line number="58" hits="6" branch="false"/>
                                                <line number="63" hits="6" branch="false"/>
                                                <line number="71" hits="0" branch="false"/>
                                                <line number="72" hits="0" branch="false"/>
                                                <line number="81" hits="0" branch="false"/>
                                                <line number="82" hits="0" branch="false"/>
                                                <line number="91" hits="6" branch="false"/>
                                                <line number="92" hits="6" branch="false"/>
                                                <line number="101" hits="0" branch="false"/>
                                                <line number="102" hits="0" branch="false"/>
                                                <line number="110" hits="0" branch="false"/>
                                                <line number="118" hits="0" branch="false"/>
                                                <line number="129" hits="0" branch="false"/>
                                                <line number="130" hits="0" branch="false"/>
                                                <line number="140" hits="0" branch="false"/>
                                                <line number="141" hits="0" branch="false"/>
                                                <line number="148" hits="0" branch="false"/>
                                                <line number="156" hits="0" branch="false"/>
                                                <line number="157" hits="0" branch="false"/>
                                                <line number="165" hits="0" branch="false"/>
                                                <line number="173" hits="0" branch="false"/>
                                                <line number="174" hits="0" branch="false"/>
                                                <line number="184" hits="0" branch="false"/>
                                                <line number="185" hits="0" branch="false"/>
                                                <line number="186" hits="0" branch="false"/>
                                                <line number="187" hits="0" branch="false"/>
                                                <line number="199" hits="0" branch="false"/>
                                                <line number="200" hits="0" branch="false"/>
                                                <line number="201" hits="0" branch="false"/>
                                                <line number="202" hits="0" branch="false"/>
                                                <line number="209" hits="0" branch="false"/>
                                        </lines>
                                </class>
                                <class name="org.jasig.portal.PortalInfoProviderImpl" filename="org/jasig/portal/PortalInfoProviderImpl.java" line-rate="0.0" branch-rate="0.0" complexity="3.727272727272727">
                                        <methods>
                                                <method name="&lt;init&gt;" signature="()V" line-rate="0.0" branch-rate="1.0">
                                                        <lines>
                                                                <line number="49" hits="0" branch="false"/>
                                                                <line number="50" hits="0" branch="false"/>
                                                                <line number="74" hits="0" branch="false"/>
                                                        </lines>
                                                </method>
                                                <method name="doInReadLock" signature="()Lorg/jasig/portal/utils/threading/ReadResult;" line-rate="0.0" branch-rate="0.0">
                                                        <lines>
                                                                <line number="89" hits="0" branch="true" condition-coverage="0% (0/2)">
                                                                        <conditions>
                                                                                <condition number="0" type="jump" coverage="0%"/>
                                                                        </conditions>
                                                                </line>
                                                                <line number="90" hits="0" branch="false"/>
                                                                <line number="93" hits="0" branch="false"/>
                                                        </lines>
                                                </method>
                                                <method name="doInWriteLock" signature="(Lorg/jasig/portal/utils/threading/ReadResult;)Ljava/lang/Object;" line-rate="0.0" branch-rate="1.0">
                                                        <lines>
                                                                <line number="48" hits="0" branch="false"/>
                                                        </lines>
                                                </method>
                                                <method name="doInWriteLock" signature="(Lorg/jasig/portal/utils/threading/ReadResult;)Ljava/lang/String;" line-rate="0.0" branch-rate="1.0">
                                                        <lines>
                                                                <line number="98" hits="0" branch="false"/>
                                                                <line number="99" hits="0" branch="false"/>
                                                                <line number="100" hits="0" branch="false"/>
                                                        </lines>
                                                </method>
                                                <method name="getDefaultNetworkInterfaceName" signature="()Ljava/lang/String;" line-rate="0.0" branch-rate="0.0">
                                                        <lines>
                                                                <line number="128" hits="0" branch="false"/>
                                                                <line number="133" hits="0" branch="false"/>
                                                                <line number="135" hits="0" branch="false"/>
                                                                <line number="136" hits="0" branch="false"/>
                                                                <line number="137" hits="0" branch="false"/>
                                                                <line number="138" hits="0" branch="false"/>
                                                                <line number="141" hits="0" branch="false"/>
                                                                <line number="142" hits="0" branch="true" condition-coverage="0% (0/2)">
                                                                        <conditions>
                                                                                <condition number="0" type="jump" coverage="0%"/>
                                                                        </conditions>
                                                                </line>
                                                                <line number="143" hits="0" branch="false"/>
                                                                <line number="145" hits="0" branch="true" condition-coverage="0% (0/2)">
                                                                        <conditions>
                                                                                <condition number="0" type="jump" coverage="0%"/>
                                                                        </conditions>
                                                                </line>
                                                                <line number="146" hits="0" branch="false"/>
                                                                <line number="147" hits="0" branch="false"/>
                                                                <line number="148" hits="0" branch="true" condition-coverage="0% (0/2)">
                                                                        <conditions>
                                                                                <condition number="0" type="jump" coverage="0%"/>
                                                                        </conditions>
                                                                </line>
                                                                <line number="149" hits="0" branch="false"/>
                                                                <line number="151" hits="0" branch="false"/>
                                                                <line number="152" hits="0" branch="false"/>
                                                                <line number="154" hits="0" branch="false"/>
                                                        </lines>
                                                </method>
                                                <method name="getLocalHostName" signature="()Ljava/lang/String;" line-rate="0.0" branch-rate="1.0">
                                                        <lines>
                                                                <line number="158" hits="0" branch="false"/>
                                                                <line number="162" hits="0" branch="false"/>
                                                                <line number="164" hits="0" branch="false"/>
                                                                <line number="165" hits="0" branch="false"/>
                                                                <line number="166" hits="0" branch="false"/>
                                                                <line number="167" hits="0" branch="false"/>
                                                                <line number="169" hits="0" branch="false"/>
                                                        </lines>
                                                </method>
                                                <method name="getNetworkInterfaceName" signature="(Ljava/lang/String;)Ljava/lang/String;" line-rate="0.0" branch-rate="0.0">
                                                        <lines>
                                                                <line number="173" hits="0" branch="true" condition-coverage="0% (0/2)">
                                                                        <conditions>
                                                                                <condition number="0" type="jump" coverage="0%"/>
                                                                        </conditions>
                                                                </line>
                                                                <line number="174" hits="0" branch="false"/>
                                                                <line number="177" hits="0" branch="false"/>
                                                                <line number="181" hits="0" branch="false"/>
                                                                <line number="183" hits="0" branch="false"/>
                                                                <line number="184" hits="0" branch="false"/>
                                                                <line number="185" hits="0" branch="false"/>
                                                                <line number="186" hits="0" branch="false"/>
                                                                <line number="188" hits="0" branch="true" condition-coverage="0% (0/2)">
                                                                        <conditions>
                                                                                <condition number="0" type="jump" coverage="0%"/>
                                                                        </conditions>
                                                                </line>
                                                                <line number="189" hits="0" branch="false"/>
                                                                <line number="190" hits="0" branch="false"/>
                                                                <line number="193" hits="0" branch="false"/>
                                                                <line number="194" hits="0" branch="true" condition-coverage="0% (0/2)">
                                                                        <conditions>
                                                                                <condition number="0" type="jump" coverage="0%"/>
                                                                        </conditions>
                                                                </line>
                                                                <line number="195" hits="0" branch="false"/>
                                                                <line number="196" hits="0" branch="false"/>
                                                                <line number="199" hits="0" branch="false"/>
                                                                <line number="200" hits="0" branch="true" condition-coverage="0% (0/2)">
                                                                        <conditions>
                                                                                <condition number="0" type="jump" coverage="0%"/>
                                                                        </conditions>
                                                                </line>
                                                                <line number="201" hits="0" branch="false"/>
                                                                <line number="204" hits="0" branch="false"/>
                                                        </lines>
                                                </method>
                                                <method name="getNetworkInterfaceNames" signature="()Ljava/util/Set;" line-rate="0.0" branch-rate="0.0">
                                                        <lines>
                                                                <line number="210" hits="0" branch="false"/>
                                                                <line number="212" hits="0" branch="false"/>
                                                                <line number="213" hits="0" branch="false"/>
                                                                <line number="214" hits="0" branch="false"/>
                                                                <line number="215" hits="0" branch="false"/>
                                                                <line number="217" hits="0" branch="false"/>
                                                                <line number="218" hits="0" branch="true" condition-coverage="0% (0/2)">
                                                                        <conditions>
                                                                                <condition number="0" type="jump" coverage="0%"/>
                                                                        </conditions>
                                                                </line>
                                                                <line number="219" hits="0" branch="false"/>
                                                                <line number="220" hits="0" branch="false"/>
                                                                <line number="221" hits="0" branch="false"/>
                                                                <line number="223" hits="0" branch="false"/>
                                                        </lines>
                                                </method>
                                                <method name="getServerName" signature="()Ljava/lang/String;" line-rate="0.0" branch-rate="1.0">
                                                        <lines>
                                                                <line number="78" hits="0" branch="false"/>
                                                        </lines>
                                                </method>
                                                <method name="getUniqueServerName" signature="()Ljava/lang/String;" line-rate="0.0" branch-rate="1.0">
                                                        <lines>
                                                                <line number="83" hits="0" branch="false"/>
                                                                <line number="84" hits="0" branch="false"/>
                                                        </lines>
                                                </method>
                                                <method name="resolveServerName" signature="()Ljava/lang/String;" line-rate="0.0" branch-rate="0.0">
                                                        <lines>
                                                                <line number="104" hits="0" branch="true" condition-coverage="0% (0/2)">
                                                                        <conditions>
                                                                                <condition number="0" type="jump" coverage="0%"/>
                                                                        </conditions>
                                                                </line>
                                                                <line number="105" hits="0" branch="false"/>
                                                                <line number="108" hits="0" branch="false"/>
                                                                <line number="109" hits="0" branch="true" condition-coverage="0% (0/2)">
                                                                        <conditions>
                                                                                <condition number="0" type="jump" coverage="0%"/>
                                                                        </conditions>
                                                                </line>
                                                                <line number="110" hits="0" branch="false"/>
                                                                <line number="113" hits="0" branch="false"/>
                                                                <line number="114" hits="0" branch="true" condition-coverage="0% (0/2)">
                                                                        <conditions>
                                                                                <condition number="0" type="jump" coverage="0%"/>
                                                                        </conditions>
                                                                </line>
                                                                <line number="115" hits="0" branch="false"/>
                                                                <line number="118" hits="0" branch="false"/>
                                                                <line number="119" hits="0" branch="true" condition-coverage="0% (0/2)">
                                                                        <conditions>
                                                                                <condition number="0" type="jump" coverage="0%"/>
                                                                        </conditions>
                                                                </line>
                                                                <line number="120" hits="0" branch="false"/>
                                                                <line number="123" hits="0" branch="false"/>
                                                                <line number="124" hits="0" branch="false"/>
                                                        </lines>
                                                </method>
                                                <method name="setNetworkInterfaceName" signature="(Ljava/lang/String;)V" line-rate="0.0" branch-rate="1.0">
                                                        <lines>
                                                                <line number="71" hits="0" branch="false"/>
                                                                <line number="72" hits="0" branch="false"/>
                                                        </lines>
                                                </method>
                                                <method name="setServerName" signature="(Ljava/lang/String;)V" line-rate="0.0" branch-rate="1.0">
                                                        <lines>
                                                                <line number="63" hits="0" branch="false"/>
                                                                <line number="64" hits="0" branch="false"/>
                                                        </lines>
                                                </method>
                                        </methods>
                                        <lines>
                                                <line number="48" hits="0" branch="false"/>
                                                <line number="49" hits="0" branch="false"/>
                                                <line number="50" hits="0" branch="false"/>
                                                <line number="63" hits="0" branch="false"/>
                                                <line number="64" hits="0" branch="false"/>
                                                <line number="71" hits="0" branch="false"/>
                                                <line number="72" hits="0" branch="false"/>
                                                <line number="74" hits="0" branch="false"/>
                                                <line number="78" hits="0" branch="false"/>
                                                <line number="83" hits="0" branch="false"/>
                                                <line number="84" hits="0" branch="false"/>
                                                <line number="89" hits="0" branch="true" condition-coverage="0% (0/2)">
                                                        <conditions>
                                                                <condition number="0" type="jump" coverage="0%"/>
                                                        </conditions>
                                                </line>
                                                <line number="90" hits="0" branch="false"/>
                                                <line number="93" hits="0" branch="false"/>
                                                <line number="98" hits="0" branch="false"/>
                                                <line number="99" hits="0" branch="false"/>
                                                <line number="100" hits="0" branch="false"/>
                                                <line number="104" hits="0" branch="true" condition-coverage="0% (0/2)">
                                                        <conditions>
                                                                <condition number="0" type="jump" coverage="0%"/>
                                                        </conditions>
                                                </line>
                                                <line number="105" hits="0" branch="false"/>
                                                <line number="108" hits="0" branch="false"/>
                                                <line number="109" hits="0" branch="true" condition-coverage="0% (0/2)">
                                                        <conditions>
                                                                <condition number="0" type="jump" coverage="0%"/>
                                                        </conditions>
                                                </line>
                                                <line number="110" hits="0" branch="false"/>
                                                <line number="113" hits="0" branch="false"/>
                                                <line number="114" hits="0" branch="true" condition-coverage="0% (0/2)">
                                                        <conditions>
                                                                <condition number="0" type="jump" coverage="0%"/>
                                                        </conditions>
                                                </line>
                                                <line number="115" hits="0" branch="false"/>
[...]
                                                                </line>
                                                                <line number="52" hits="0" branch="false"/>
                                                                <line number="53" hits="0" branch="false"/>
                                                                <line number="54" hits="0" branch="false"/>
                                                                <line number="55" hits="0" branch="false"/>
                                                        </lines>
                                                </method>
                                                <method name="&lt;init&gt;" signature="(Lorg/jasig/portal/UserProfile;)V" line-rate="0.0" branch-rate="1.0">
                                                        <lines>
                                                                <line number="34" hits="0" branch="false"/>
                                                                <line number="35" hits="0" branch="false"/>
                                                                <line number="41" hits="0" branch="false"/>
                                                                <line number="57" hits="0" branch="false"/>
                                                                <line number="58" hits="0" branch="false"/>
                                                                <line number="59" hits="0" branch="false"/>
                                                                <line number="60" hits="0" branch="false"/>
                                                                <line number="61" hits="0" branch="false"/>
                                                                <line number="62" hits="0" branch="false"/>
                                                                <line number="63" hits="0" branch="false"/>
                                                                <line number="64" hits="0" branch="false"/>
                                                                <line number="65" hits="0" branch="false"/>
                                                        </lines>
                                                </method>
                                                <method name="equals" signature="(Ljava/lang/Object;)Z" line-rate="0.0" branch-rate="0.0">
                                                        <lines>
                                                                <line number="197" hits="0" branch="false"/>
                                                                <line number="198" hits="0" branch="true" condition-coverage="0% (0/2)">
                                                                        <conditions>
                                                                                <condition number="0" type="jump" coverage="0%"/>
                                                                        </conditions>
                                                                </line>
                                                                <line number="199" hits="0" branch="false"/>
                                                                <line number="200" hits="0" branch="true" condition-coverage="0% (0/4)">
                                                                        <conditions>
                                                                                <condition number="0" type="jump" coverage="0%"/>
                                                                                <condition number="1" type="jump" coverage="0%"/>
                                                                        </conditions>
                                                                </line>
                                                                <line number="202" hits="0" branch="false"/>
                                                        </lines>
                                                </method>
                                                <method name="getLayoutId" signature="()I" line-rate="0.0" branch-rate="1.0">
                                                        <lines>
                                                                <line number="104" hits="0" branch="false"/>
                                                        </lines>
                                                </method>
                                                <method name="getLocaleManager" signature="()Lorg/jasig/portal/i18n/LocaleManager;" line-rate="0.0" branch-rate="1.0">
                                                        <lines>
                                                                <line number="219" hits="0" branch="false"/>
                                                        </lines>
                                                </method>
                                                <method name="getProfileDescription" signature="()Ljava/lang/String;" line-rate="0.0" branch-rate="1.0">
                                                        <lines>
                                                                <line number="96" hits="0" branch="false"/>
                                                        </lines>
                                                </method>
                                                <method name="getProfileFname" signature="()Ljava/lang/String;" line-rate="0.0" branch-rate="1.0">
                                                        <lines>
                                                                <line number="80" hits="0" branch="false"/>
                                                        </lines>
                                                </method>
                                                <method name="getProfileId" signature="()I" line-rate="0.0" branch-rate="1.0">
                                                        <lines>
                                                                <line number="72" hits="0" branch="false"/>
                                                        </lines>
                                                </method>
                                                <method name="getProfileName" signature="()Ljava/lang/String;" line-rate="0.0" branch-rate="1.0">
                                                        <lines>
                                                                <line number="88" hits="0" branch="false"/>
                                                        </lines>
                                                </method>
                                                <method name="getStructureStylesheetId" signature="()I" line-rate="0.0" branch-rate="1.0">
                                                        <lines>
                                                                <line number="112" hits="0" branch="false"/>
                                                        </lines>
                                                </method>
                                                <method name="getThemeStylesheetId" signature="()I" line-rate="0.0" branch-rate="1.0">
                                                        <lines>
                                                                <line number="120" hits="0" branch="false"/>
                                                        </lines>
                                                </method>
                                                <method name="isSystemProfile" signature="()Z" line-rate="0.0" branch-rate="1.0">
                                                        <lines>
                                                                <line number="128" hits="0" branch="false"/>
                                                        </lines>
                                                </method>
                                                <method name="setLayoutId" signature="(I)V" line-rate="0.0" branch-rate="1.0">
                                                        <lines>
                                                                <line number="168" hits="0" branch="false"/>
                                                                <line number="169" hits="0" branch="false"/>
                                                        </lines>
                                                </method>
                                                <method name="setLocaleManager" signature="(Lorg/jasig/portal/i18n/LocaleManager;)V" line-rate="0.0" branch-rate="1.0">
                                                        <lines>
                                                                <line number="211" hits="0" branch="false"/>
                                                                <line number="212" hits="0" branch="false"/>
                                                        </lines>
                                                </method>
                                                <method name="setProfileDescription" signature="(Ljava/lang/String;)V" line-rate="0.0" branch-rate="1.0">
                                                        <lines>
                                                                <line number="160" hits="0" branch="false"/>
                                                                <line number="161" hits="0" branch="false"/>
                                                        </lines>
                                                </method>
                                                <method name="setProfileFname" signature="(Ljava/lang/String;)V" line-rate="0.0" branch-rate="1.0">
                                                        <lines>
                                                                <line number="144" hits="0" branch="false"/>
                                                                <line number="145" hits="0" branch="false"/>
                                                        </lines>
                                                </method>
                                                <method name="setProfileId" signature="(I)V" line-rate="0.0" branch-rate="1.0">
                                                        <lines>
                                                                <line number="136" hits="0" branch="false"/>
                                                                <line number="137" hits="0" branch="false"/>
                                                        </lines>
                                                </method>
                                                <method name="setProfileName" signature="(Ljava/lang/String;)V" line-rate="0.0" branch-rate="1.0">
                                                        <lines>
                                                                <line number="152" hits="0" branch="false"/>
                                                                <line number="153" hits="0" branch="false"/>
                                                        </lines>
                                                </method>
                                                <method name="setStructureStylesheetId" signature="(I)V" line-rate="0.0" branch-rate="1.0">
                                                        <lines>
                                                                <line number="176" hits="0" branch="false"/>
                                                                <line number="177" hits="0" branch="false"/>
                                                        </lines>
                                                </method>
                                                <method name="setSystemProfile" signature="(Z)V" line-rate="0.0" branch-rate="1.0">
                                                        <lines>
                                                                <line number="192" hits="0" branch="false"/>
                                                                <line number="193" hits="0" branch="false"/>
                                                        </lines>
                                                </method>
                                                <method name="setThemeStylesheetId" signature="(I)V" line-rate="0.0" branch-rate="1.0">
                                                        <lines>
                                                                <line number="184" hits="0" branch="false"/>
                                                                <line number="185" hits="0" branch="false"/>
                                                        </lines>
                                                </method>
                                                <method name="toString" signature="()Ljava/lang/String;" line-rate="0.0" branch-rate="1.0">
                                                        <lines>
                                                                <line number="224" hits="0" branch="false"/>
                                                        </lines>
                                                </method>
                                        </methods>
                                        <lines>
                                                <line number="34" hits="0" branch="false"/>
                                                <line number="35" hits="0" branch="false"/>
                                                <line number="41" hits="0" branch="false"/>
                                                <line number="44" hits="0" branch="false"/>
                                                <line number="45" hits="0" branch="false"/>
                                                <line number="47" hits="0" branch="false"/>
                                                <line number="48" hits="0" branch="false"/>
                                                <line number="49" hits="0" branch="false"/>
                                                <line number="50" hits="0" branch="false"/>
                                                <line number="51" hits="0" branch="true" condition-coverage="0% (0/2)">
                                                        <conditions>
                                                                <condition number="0" type="jump" coverage="0%"/>
                                                        </conditions>
                                                </line>
                                                <line number="52" hits="0" branch="false"/>
                                                <line number="53" hits="0" branch="false"/>
                                                <line number="54" hits="0" branch="false"/>
                                                <line number="55" hits="0" branch="false"/>
                                                <line number="57" hits="0" branch="false"/>
                                                <line number="58" hits="0" branch="false"/>
                                                <line number="59" hits="0" branch="false"/>
                                                <line number="60" hits="0" branch="false"/>
                                                <line number="61" hits="0" branch="false"/>
                                                <line number="62" hits="0" branch="false"/>
                                                <line number="63" hits="0" branch="false"/>
                                                <line number="64" hits="0" branch="false"/>
                                                <line number="65" hits="0" branch="false"/>
                                                <line number="72" hits="0" branch="false"/>
                                                <line number="80" hits="0" branch="false"/>
                                                <line number="88" hits="0" branch="false"/>
                                                <line number="96" hits="0" branch="false"/>
                                                <line number="104" hits="0" branch="false"/>
                                                <line number="112" hits="0" branch="false"/>
                                                <line number="120" hits="0" branch="false"/>
                                                <line number="128" hits="0" branch="false"/>
                                                <line number="136" hits="0" branch="false"/>
                                                <line number="137" hits="0" branch="false"/>
                                                <line number="144" hits="0" branch="false"/>
                                                <line number="145" hits="0" branch="false"/>
                                                <line number="152" hits="0" branch="false"/>
                                                <line number="153" hits="0" branch="false"/>
                                                <line number="160" hits="0" branch="false"/>
                                                <line number="161" hits="0" branch="false"/>
                                                <line number="168" hits="0" branch="false"/>
                                                <line number="169" hits="0" branch="false"/>
                                                <line number="176" hits="0" branch="false"/>
                                                <line number="177" hits="0" branch="false"/>
                                                <line number="184" hits="0" branch="false"/>
                                                <line number="185" hits="0" branch="false"/>
                                                <line number="192" hits="0" branch="false"/>
                                                <line number="193" hits="0" branch="false"/>
                                                <line number="197" hits="0" branch="false"/>
                                                <line number="198" hits="0" branch="true" condition-coverage="0% (0/2)">
                                                        <conditions>
                                                                <condition number="0" type="jump" coverage="0%"/>
                                                        </conditions>
                                                </line>
                                                <line number="199" hits="0" branch="false"/>
                                                <line number="200" hits="0" branch="true" condition-coverage="0% (0/4)">
                                                        <conditions>
                                                                <condition number="0" type="jump" coverage="0%"/>
                                                                <condition number="1" type="jump" coverage="0%"/>
                                                        </conditions>
                                                </line>
                                                <line number="202" hits="0" branch="false"/>
                                                <line number="211" hits="0" branch="false"/>
                                                <line number="212" hits="0" branch="false"/>
                                                <line number="219" hits="0" branch="false"/>
                                                <line number="224" hits="0" branch="false"/>
                                        </lines>
                                </class>
                        </classes>
                </package>
        </packages>
</coverage>
